cdvdman_IMPORTS_start
I_sceCdInit
I_sceCdRead
I_sceCdGetError
I_sceCdSearchFile
I_sceCdSync
I_sceCdGetDiskType
I_sceCdStatus
I_sceCdMmode
I_sceCdCallback
I_sceCdStop
I_sceCdStInit
I_sceCdStStart
I_sceCdStRead
I_sceCdStStop
cdvdman_IMPORTS_end

stdio_IMPORTS_start
I_printf
stdio_IMPORTS_end

thbase_IMPORTS_start
I_GetSystemTime
I_USec2SysClock
I_SysClock2USec
I_DelayThread
I_GetThreadId
thbase_IMPORTS_end

intrman_IMPORTS_start
I_QueryIntrContext
intrman_IMPORTS_end

sysmem_IMPORTS_start
I_QueryTotalFreeMemSize
I_QueryMaxFreeMemSize
sysmem_IMPORTS_end

ioman_IMPORTS_start
I_open
I_read
I_close
ioman_IMPORTS_end
