bdm_IMPORTS_start
I_bdm_connect_bd
I_bdm_disconnect_bd
bdm_IMPORTS_end

thbase_IMPORTS_start
I_CreateThread
I_StartThread
I_DelayThread
I_DeleteThread
I_SetAlarm
I_CancelAlarm
I_USec2SysClock
thbase_IMPORTS_end

stdio_IMPORTS_start
I_printf
stdio_IMPORTS_end

sysclib_IMPORTS_start
I_memcpy
I_bzero
sysclib_IMPORTS_end

intrman_IMPORTS_start
I_CpuSuspendIntr
I_CpuResumeIntr
I_QueryIntrContext
intrman_IMPORTS_end

ioman_IMPORTS_start
I_open
//I_write
I_close
I_AddDrv
I_DelDrv
ioman_IMPORTS_end

loadcore_IMPORTS_start
I_RegisterLibraryEntries
I_ReleaseLibraryEntries
loadcore_IMPORTS_end

thevent_IMPORTS_start
I_CreateEventFlag
I_WaitEventFlag
I_SetEventFlag
I_iSetEventFlag
I_DeleteEventFlag
thevent_IMPORTS_end

thsemap_IMPORTS_start
I_CreateSema
//I_DeleteSema
I_SignalSema
I_WaitSema
thsemap_IMPORTS_end

dev9_IMPORTS_start
I_dev9IntrEnable
I_dev9IntrDisable
I_dev9RegisterIntrCb
I_dev9RegisterPreDmaCb
I_dev9RegisterPostDmaCb
I_dev9DmaTransfer
I_dev9GetEEPROM
dev9_IMPORTS_end
