smap_IMPORTS_start
I_SMAPGetMACAddress
I_smap_transmit
I_smap_register_rx_callback
I_smap_fifo_read
smap_IMPORTS_end

thbase_IMPORTS_start
I_SetAlarm
I_CancelAlarm
I_USec2SysClock
thbase_IMPORTS_end

stdio_IMPORTS_start
I_printf
stdio_IMPORTS_end

sysclib_IMPORTS_start
I_strncmp
I_strncpy
I_strlen
I_memset
I_memcpy
sysclib_IMPORTS_end

#if defined(FEATURE_UDPTTY) || defined(FEATURE_UDPFS_IOMAN)
ioman_IMPORTS_start
I_open
I_close
I_AddDrv
I_DelDrv
ioman_IMPORTS_end
#endif

#ifdef FEATURE_UDPFS_BD
bdm_IMPORTS_start
I_bdm_connect_bd
I_bdm_disconnect_bd
bdm_IMPORTS_end
#endif

loadcore_IMPORTS_start
I_RegisterLibraryEntries
loadcore_IMPORTS_end

thevent_IMPORTS_start
I_CreateEventFlag
I_WaitEventFlag
I_SetEventFlag
I_iSetEventFlag
I_ClearEventFlag
I_DeleteEventFlag
thevent_IMPORTS_end

thsemap_IMPORTS_start
I_CreateSema
I_SignalSema
I_WaitSema
I_DeleteSema
thsemap_IMPORTS_end
