dmacman_IMPORTS_start
I_dmac_request
I_dmac_transfer
dmacman_IMPORTS_end

fhi_IMPORTS_start
I_fhi_size
I_fhi_read
I_fhi_write
fhi_IMPORTS_end

intrman_IMPORTS_start
I_CpuSuspendIntr
I_CpuResumeIntr
intrman_IMPORTS_end

loadcore_IMPORTS_start
I_GetLoadcoreInternalData
I_QueryLibraryEntryTable
I_FlushIcache
I_FlushDcache
I_ReleaseLibraryEntries
loadcore_IMPORTS_end

sifcmd_IMPORTS_start
I_sceSifCallRpc
I_sceSifGetOtherData
I_sceSifInitRpc
I_sceSifBindRpc
I_sceSifSendCmd
sifcmd_IMPORTS_end

sifman_IMPORTS_start
I_sceSifInit
I_sceSifSetDma
I_sceSifCheckInit
I_sceSifDmaStat
sifman_IMPORTS_end

#ifdef DEBUG
stdio_IMPORTS_start
I_printf
stdio_IMPORTS_end
#endif

sysclib_IMPORTS_start
I_strcmp
I_memcpy
I_memset
sysclib_IMPORTS_end

sysmem_IMPORTS_start
I_AllocSysMemory
I_FreeSysMemory
sysmem_IMPORTS_end

thbase_IMPORTS_start
I_CreateThread
I_StartThread
I_DeleteThread
I_DelayThread
thbase_IMPORTS_end
